[debug] [2023-06-10T12:41:04.977Z] ----------------------------------------------------------------------
[debug] [2023-06-10T12:41:04.977Z] Command:       /usr/local/bin/node /usr/local/bin/firebase init
[debug] [2023-06-10T12:41:04.978Z] CLI Version:   12.3.1
[debug] [2023-06-10T12:41:04.978Z] Platform:      linux
[debug] [2023-06-10T12:41:04.978Z] Node Version:  v18.16.0
[debug] [2023-06-10T12:41:04.978Z] Time:          Sat Jun 10 2023 14:41:04 GMT+0200 (Central European Summer Time)
[debug] [2023-06-10T12:41:04.978Z] ----------------------------------------------------------------------
[debug] 
[debug] [2023-06-10T12:41:04.981Z] > command requires scopes: ["email","openid","https://www.googleapis.com/auth/cloudplatformprojects.readonly","https://www.googleapis.com/auth/firebase","https://www.googleapis.com/auth/cloud-platform"]
[debug] [2023-06-10T12:41:04.981Z] > authorizing via signed-in user (ferranespuna@gmail.com)
[info] 
     ######## #### ########  ######## ########     ###     ######  ########
     ##        ##  ##     ## ##       ##     ##  ##   ##  ##       ##
     ######    ##  ########  ######   ########  #########  ######  ######
     ##        ##  ##    ##  ##       ##     ## ##     ##       ## ##
     ##       #### ##     ## ######## ########  ##     ##  ######  ########

You're about to initialize a Firebase project in this directory:

  /home/ferran/node_websites/healthy-life-bsc-v2

[info] 
=== Project Setup
[info] 
[info] First, let's associate this project directory with a Firebase project.
[info] You can create multiple project aliases by running firebase use --add, 
[info] but for now we'll just set up a default project.
[info] 
[debug] [2023-06-10T12:41:18.650Z] >>> [apiv2][query] GET https://firebase.googleapis.com/v1beta1/projects pageSize=100
[debug] [2023-06-10T12:41:19.269Z] <<< [apiv2][status] GET https://firebase.googleapis.com/v1beta1/projects 200
[debug] [2023-06-10T12:41:19.269Z] <<< [apiv2][body] GET https://firebase.googleapis.com/v1beta1/projects [omitted]
[info] i  Using project fitlifebsc (FitLifeBSC) 
[info] 
=== Hosting Setup
[info] 
[info] Your public directory is the folder (relative to your project directory) that
[info] will contain Hosting assets to be uploaded with firebase deploy. If you
[info] have a build process for your assets, use your build's output directory.
[info] 
[info] ✔  Wrote public/404.html 
[debug] [2023-06-10T12:41:39.365Z] >>> [apiv2][query] GET https://www.gstatic.com/firebasejs/releases.json [none]
[debug] [2023-06-10T12:41:39.476Z] <<< [apiv2][status] GET https://www.gstatic.com/firebasejs/releases.json 200
[debug] [2023-06-10T12:41:39.476Z] <<< [apiv2][body] GET https://www.gstatic.com/firebasejs/releases.json {"current":{"version":"9.22.2","browserURL":"https://www.gstatic.com/firebasejs/9.22.2/firebase.js","packageURL":"https://www.gstatic.com/firebasejs/9.22.2/firebase.tgz"},"live":{"version":"9.22","browserURL":"https://www.gstatic.com/firebasejs/live/9.22/firebase.js","packageURL":"https://www.gstatic.com/firebasejs/live/9.22/firebase.tgz"},"components":{"analytics":"https://www.gstatic.com/firebasejs/9.22.2/firebase-analytics.js","app":"https://www.gstatic.com/firebasejs/9.22.2/firebase-app.js","app-check":"https://www.gstatic.com/firebasejs/9.22.2/firebase-app-check.js","auth":"https://www.gstatic.com/firebasejs/9.22.2/firebase-auth.js","auth/cordova":"https://www.gstatic.com/firebasejs/9.22.2/firebase-auth/cordova.js","auth/react-native":"https://www.gstatic.com/firebasejs/9.22.2/firebase-auth/react-native.js","functions":"https://www.gstatic.com/firebasejs/9.22.2/firebase-functions.js","firestore":"https://www.gstatic.com/firebasejs/9.22.2/firebase-firestore.js","firestore/lite":"https://www.gstatic.com/firebasejs/9.22.2/firebase-firestore/lite.js","installations":"https://www.gstatic.com/firebasejs/9.22.2/firebase-installations.js","storage":"https://www.gstatic.com/firebasejs/9.22.2/firebase-storage.js","performance":"https://www.gstatic.com/firebasejs/9.22.2/firebase-performance.js","remote-config":"https://www.gstatic.com/firebasejs/9.22.2/firebase-remote-config.js","messaging":"https://www.gstatic.com/firebasejs/9.22.2/firebase-messaging.js","messaging/sw":"https://www.gstatic.com/firebasejs/9.22.2/firebase-messaging/sw.js","database":"https://www.gstatic.com/firebasejs/9.22.2/firebase-database.js","firestore.memory":"https://www.gstatic.com/firebasejs/9.22.2/firebase-firestore.memory.js"}}
[info] ✔  Wrote public/index.html 
[info] 
[info] i  Detected a .git folder at /home/ferran/node_websites/healthy-life-bsc-v2 
[info] i  Authorizing with GitHub to upload your service account to a GitHub repository's secrets store. 
[info] 
[info] Visit this URL on this device to log in:
[info] https://github.com/login/oauth/authorize?client_id=89cf50f02ac6aaed3484&state=82591869&redirect_uri=http%3A%2F%2Flocalhost%3A9005&scope=read%3Auser%20repo%20public_repo
[info] 
[info] Waiting for authentication...
[debug] [2023-06-10T12:41:50.997Z] >>> [apiv2][query] POST https://github.com/login/oauth/access_token [none]
[debug] [2023-06-10T12:41:50.997Z] >>> [apiv2][body] POST https://github.com/login/oauth/access_token [stream]
[debug] [2023-06-10T12:41:51.309Z] <<< [apiv2][status] POST https://github.com/login/oauth/access_token 200
[debug] [2023-06-10T12:41:51.309Z] <<< [apiv2][body] POST https://github.com/login/oauth/access_token {"access_token":"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","token_type":"bearer","scope":"read:user,repo"}
[debug] [2023-06-10T12:41:51.312Z] >>> [apiv2][query] GET https://api.github.com/user [none]
[debug] [2023-06-10T12:41:51.646Z] <<< [apiv2][status] GET https://api.github.com/user 200
[debug] [2023-06-10T12:41:51.647Z] <<< [apiv2][body] GET https://api.github.com/user {"login":"ferranEspuna","id":32055546,"node_id":"MDQ6VXNlcjMyMDU1NTQ2","avatar_url":"https://avatars.githubusercontent.com/u/32055546?v=4","gravatar_id":"","url":"https://api.github.com/users/ferranEspuna","html_url":"https://github.com/ferranEspuna","followers_url":"https://api.github.com/users/ferranEspuna/followers","following_url":"https://api.github.com/users/ferranEspuna/following{/other_user}","gists_url":"https://api.github.com/users/ferranEspuna/gists{/gist_id}","starred_url":"https://api.github.com/users/ferranEspuna/starred{/owner}{/repo}","subscriptions_url":"https://api.github.com/users/ferranEspuna/subscriptions","organizations_url":"https://api.github.com/users/ferranEspuna/orgs","repos_url":"https://api.github.com/users/ferranEspuna/repos","events_url":"https://api.github.com/users/ferranEspuna/events{/privacy}","received_events_url":"https://api.github.com/users/ferranEspuna/received_events","type":"User","site_admin":false,"name":null,"company":"Barcelona Supercomputing Center","blog":"linkedin.com/in/ferran-espuna-bertomeu-58138970","location":"Barcelona","email":null,"hireable":null,"bio":null,"twitter_username":null,"public_repos":12,"public_gists":0,"followers":0,"following":1,"created_at":"2017-09-18T06:55:25Z","updated_at":"2023-04-29T13:31:00Z","private_gists":0,"total_private_repos":2,"owned_private_repos":2,"disk_usage":56899,"collaborators":2,"two_factor_authentication":false,"plan":{"name":"free","space":976562499,"collaborators":0,"private_repos":10000}}
[info] 
[info] ✔  Success! Logged into GitHub as ferranEspuna 
[info] 
